android/app/build/intermediates/manifest_merge_blame_file/debug/manifest-merger-blame-debug-report.txt
1<?xml version="1.0" encoding="utf-8"?>
2<manifest xmlns:android="http://schemas.android.com/apk/res/android"
3    package="com.ydcapp"
4    android:versionCode="1"
5    android:versionName="1.0" >
6
7    <uses-sdk
8        android:minSdkVersion="21"
9        android:targetSdkVersion="34" />
10
11    <uses-permission android:name="android.permission.INTERNET" />
11-->src\main\AndroidManifest.xml:3:5-67
11-->src\main\AndroidManifest.xml:3:22-64
12    <uses-permission android:name="android.permission.WAKE_LOCK" />
12-->[:react-native-firebase_auth] AndroidManifest.xml:8:5-68
12-->[:react-native-firebase_auth] AndroidManifest.xml:8:22-65
13    <uses-permission android:name="android.permission.ACCESS_NETWORK_STATE" />
13-->[:react-native-firebase_auth] AndroidManifest.xml:9:5-79
13-->[:react-native-firebase_auth] AndroidManifest.xml:9:22-76
14    <!--
15    This manifest file is used only by Gradle to configure debug-only capabilities
16    for React Native Apps.
17    -->
18    <uses-permission android:name="android.permission.SYSTEM_ALERT_WINDOW" />
18-->[com.facebook.react:react-android:0.73.2] AndroidManifest.xml:16:5-78
18-->[com.facebook.react:react-android:0.73.2] AndroidManifest.xml:16:22-75
19    <uses-permission android:name="com.google.android.gms.permission.AD_ID" />
19-->[com.google.android.gms:play-services-measurement-api:21.5.0] AndroidManifest.xml:25:5-79
19-->[com.google.android.gms:play-services-measurement-api:21.5.0] AndroidManifest.xml:25:22-76
20    <uses-permission android:name="android.permission.ACCESS_ADSERVICES_ATTRIBUTION" />
20-->[com.google.android.gms:play-services-measurement-api:21.5.0] AndroidManifest.xml:26:5-88
20-->[com.google.android.gms:play-services-measurement-api:21.5.0] AndroidManifest.xml:26:22-85
21    <uses-permission android:name="android.permission.ACCESS_ADSERVICES_AD_ID" />
21-->[com.google.android.gms:play-services-measurement-api:21.5.0] AndroidManifest.xml:27:5-82
21-->[com.google.android.gms:play-services-measurement-api:21.5.0] AndroidManifest.xml:27:22-79
22    <uses-permission android:name="android.permission.ACCESS_WIFI_STATE" />
22-->[com.facebook.flipper:flipper:0.201.0] AndroidManifest.xml:14:5-76
22-->[com.facebook.flipper:flipper:0.201.0] AndroidManifest.xml:14:22-73
23    <uses-permission android:name="com.google.android.providers.gsf.permission.READ_GSERVICES" />
23-->[com.google.android.recaptcha:recaptcha:18.4.0] AndroidManifest.xml:9:5-98
23-->[com.google.android.recaptcha:recaptcha:18.4.0] AndroidManifest.xml:9:22-95
24    <uses-permission android:name="com.google.android.finsky.permission.BIND_GET_INSTALL_REFERRER_SERVICE" />
24-->[com.google.android.gms:play-services-measurement:21.5.0] AndroidManifest.xml:26:5-110
24-->[com.google.android.gms:play-services-measurement:21.5.0] AndroidManifest.xml:26:22-107
25
26    <permission
26-->[androidx.core:core:1.9.0] AndroidManifest.xml:22:5-24:47
27        android:name="com.ydcapp.DYNAMIC_RECEIVER_NOT_EXPORTED_PERMISSION"
27-->[androidx.core:core:1.9.0] AndroidManifest.xml:23:9-81
28        android:protectionLevel="signature" />
28-->[androidx.core:core:1.9.0] AndroidManifest.xml:24:9-44
29
30    <uses-permission android:name="com.ydcapp.DYNAMIC_RECEIVER_NOT_EXPORTED_PERMISSION" />
30-->[androidx.core:core:1.9.0] AndroidManifest.xml:26:5-97
30-->[androidx.core:core:1.9.0] AndroidManifest.xml:26:22-94
31
32    <application
32-->src\main\AndroidManifest.xml:5:5-24:19
33        android:name="com.ydcapp.MainApplication"
33-->src\main\AndroidManifest.xml:6:7-38
34        android:allowBackup="false"
34-->src\main\AndroidManifest.xml:10:7-34
35        android:appComponentFactory="androidx.core.app.CoreComponentFactory"
35-->[androidx.core:core:1.9.0] AndroidManifest.xml:28:18-86
36        android:debuggable="true"
37        android:extractNativeLibs="true"
38        android:icon="@mipmap/ic_launcher"
38-->src\main\AndroidManifest.xml:8:7-41
39        android:label="@string/app_name"
39-->src\main\AndroidManifest.xml:7:7-39
40        android:roundIcon="@mipmap/ic_launcher_round"
40-->src\main\AndroidManifest.xml:9:7-52
41        android:theme="@style/AppTheme"
41-->src\main\AndroidManifest.xml:11:7-38
42        android:usesCleartextTraffic="true" >
42-->src\debug\AndroidManifest.xml:6:9-44
43        <activity
43-->src\main\AndroidManifest.xml:12:7-23:18
44            android:name="com.ydcapp.MainActivity"
44-->src\main\AndroidManifest.xml:13:9-37
45            android:configChanges="keyboard|keyboardHidden|orientation|screenLayout|screenSize|smallestScreenSize|uiMode"
45-->src\main\AndroidManifest.xml:15:9-118
46            android:exported="true"
46-->src\main\AndroidManifest.xml:18:9-32
47            android:label="@string/app_name"
47-->src\main\AndroidManifest.xml:14:9-41
48            android:launchMode="singleTask"
48-->src\main\AndroidManifest.xml:16:9-40
49            android:windowSoftInputMode="adjustResize" >
49-->src\main\AndroidManifest.xml:17:9-51
50            <intent-filter>
50-->src\main\AndroidManifest.xml:19:9-22:25
51                <action android:name="android.intent.action.MAIN" />
51-->src\main\AndroidManifest.xml:20:13-65
51-->src\main\AndroidManifest.xml:20:21-62
52
53                <category android:name="android.intent.category.LAUNCHER" />
53-->src\main\AndroidManifest.xml:21:13-73
53-->src\main\AndroidManifest.xml:21:23-70
54            </intent-filter>
55        </activity>
56
57        <meta-data
57-->[:react-native-firebase_app] AndroidManifest.xml:9:9-11:36
58            android:name="app_data_collection_default_enabled"
58-->[:react-native-firebase_app] AndroidManifest.xml:10:13-63
59            android:value="true" />
59-->[:react-native-firebase_app] AndroidManifest.xml:11:13-33
60
61        <service
61-->[:react-native-firebase_app] AndroidManifest.xml:13:9-21:19
62            android:name="com.google.firebase.components.ComponentDiscoveryService"
62-->[:react-native-firebase_app] AndroidManifest.xml:14:13-84
63            android:directBootAware="true"
63-->[:react-native-firebase_app] AndroidManifest.xml:15:13-43
64            android:exported="false" >
64-->[:react-native-firebase_app] AndroidManifest.xml:16:13-37
65            <meta-data
65-->[:react-native-firebase_app] AndroidManifest.xml:18:13-20:85
66                android:name="com.google.firebase.components:io.invertase.firebase.app.ReactNativeFirebaseAppRegistrar"
66-->[:react-native-firebase_app] AndroidManifest.xml:19:17-120
67                android:value="com.google.firebase.components.ComponentRegistrar" />
67-->[:react-native-firebase_app] AndroidManifest.xml:20:17-82
68            <meta-data
68-->[com.google.firebase:firebase-auth:22.3.1] AndroidManifest.xml:69:13-71:85
69                android:name="com.google.firebase.components:com.google.firebase.auth.FirebaseAuthRegistrar"
69-->[com.google.firebase:firebase-auth:22.3.1] AndroidManifest.xml:70:17-109
70                android:value="com.google.firebase.components.ComponentRegistrar" />
70-->[com.google.firebase:firebase-auth:22.3.1] AndroidManifest.xml:71:17-82
71            <meta-data
71-->[com.google.android.gms:play-services-measurement-api:21.5.0] AndroidManifest.xml:37:13-39:85
72                android:name="com.google.firebase.components:com.google.firebase.analytics.connector.internal.AnalyticsConnectorRegistrar"
72-->[com.google.android.gms:play-services-measurement-api:21.5.0] AndroidManifest.xml:38:17-139
73                android:value="com.google.firebase.components.ComponentRegistrar" />
73-->[com.google.android.gms:play-services-measurement-api:21.5.0] AndroidManifest.xml:39:17-82
74            <meta-data
74-->[com.google.firebase:firebase-installations:17.2.0] AndroidManifest.xml:15:13-17:85
75                android:name="com.google.firebase.components:com.google.firebase.installations.FirebaseInstallationsKtxRegistrar"
75-->[com.google.firebase:firebase-installations:17.2.0] AndroidManifest.xml:16:17-130
76                android:value="com.google.firebase.components.ComponentRegistrar" />
76-->[com.google.firebase:firebase-installations:17.2.0] AndroidManifest.xml:17:17-82
77            <meta-data
77-->[com.google.firebase:firebase-installations:17.2.0] AndroidManifest.xml:18:13-20:85
78                android:name="com.google.firebase.components:com.google.firebase.installations.FirebaseInstallationsRegistrar"
78-->[com.google.firebase:firebase-installations:17.2.0] AndroidManifest.xml:19:17-127
79                android:value="com.google.firebase.components.ComponentRegistrar" />
79-->[com.google.firebase:firebase-installations:17.2.0] AndroidManifest.xml:20:17-82
80            <meta-data
80-->[com.google.firebase:firebase-common-ktx:20.4.2] AndroidManifest.xml:12:13-14:85
81                android:name="com.google.firebase.components:com.google.firebase.ktx.FirebaseCommonLegacyRegistrar"
81-->[com.google.firebase:firebase-common-ktx:20.4.2] AndroidManifest.xml:13:17-116
82                android:value="com.google.firebase.components.ComponentRegistrar" />
82-->[com.google.firebase:firebase-common-ktx:20.4.2] AndroidManifest.xml:14:17-82
83            <meta-data
83-->[com.google.firebase:firebase-common:20.4.2] AndroidManifest.xml:35:13-37:85
84                android:name="com.google.firebase.components:com.google.firebase.FirebaseCommonKtxRegistrar"
84-->[com.google.firebase:firebase-common:20.4.2] AndroidManifest.xml:36:17-109
85                android:value="com.google.firebase.components.ComponentRegistrar" />
85-->[com.google.firebase:firebase-common:20.4.2] AndroidManifest.xml:37:17-82
86        </service>
87
88        <provider
88-->[:react-native-firebase_app] AndroidManifest.xml:23:9-27:38
89            android:name="io.invertase.firebase.app.ReactNativeFirebaseAppInitProvider"
89-->[:react-native-firebase_app] AndroidManifest.xml:24:13-88
90            android:authorities="com.ydcapp.reactnativefirebaseappinitprovider"
90-->[:react-native-firebase_app] AndroidManifest.xml:25:13-86
91            android:exported="false"
91-->[:react-native-firebase_app] AndroidManifest.xml:26:13-37
92            android:initOrder="99" />
92-->[:react-native-firebase_app] AndroidManifest.xml:27:13-35
93
94        <activity
94-->[com.facebook.react:react-android:0.73.2] AndroidManifest.xml:19:9-21:40
95            android:name="com.facebook.react.devsupport.DevSettingsActivity"
95-->[com.facebook.react:react-android:0.73.2] AndroidManifest.xml:20:13-77
96            android:exported="false" />
96-->[com.facebook.react:react-android:0.73.2] AndroidManifest.xml:21:13-37
97        <activity
97-->[com.google.firebase:firebase-auth:22.3.1] AndroidManifest.xml:29:9-46:20
98            android:name="com.google.firebase.auth.internal.GenericIdpActivity"
98-->[com.google.firebase:firebase-auth:22.3.1] AndroidManifest.xml:30:13-80
99            android:excludeFromRecents="true"
99-->[com.google.firebase:firebase-auth:22.3.1] AndroidManifest.xml:31:13-46
100            android:exported="true"
100-->[com.google.firebase:firebase-auth:22.3.1] AndroidManifest.xml:32:13-36
101            android:launchMode="singleTask"
101-->[com.google.firebase:firebase-auth:22.3.1] AndroidManifest.xml:33:13-44
102            android:theme="@android:style/Theme.Translucent.NoTitleBar" >
102-->[com.google.firebase:firebase-auth:22.3.1] AndroidManifest.xml:34:13-72
103            <intent-filter>
103-->[com.google.firebase:firebase-auth:22.3.1] AndroidManifest.xml:35:13-45:29
104                <action android:name="android.intent.action.VIEW" />
104-->[com.google.firebase:firebase-auth:22.3.1] AndroidManifest.xml:36:17-69
104-->[com.google.firebase:firebase-auth:22.3.1] AndroidManifest.xml:36:25-66
105
106                <category android:name="android.intent.category.DEFAULT" />
106-->[com.google.firebase:firebase-auth:22.3.1] AndroidManifest.xml:38:17-76
106-->[com.google.firebase:firebase-auth:22.3.1] AndroidManifest.xml:38:27-73
107                <category android:name="android.intent.category.BROWSABLE" />
107-->[com.google.firebase:firebase-auth:22.3.1] AndroidManifest.xml:39:17-78
107-->[com.google.firebase:firebase-auth:22.3.1] AndroidManifest.xml:39:27-75
108
109                <data
109-->[com.google.firebase:firebase-auth:22.3.1] AndroidManifest.xml:41:17-44:51
110                    android:host="firebase.auth"
110-->[com.google.firebase:firebase-auth:22.3.1] AndroidManifest.xml:42:21-49
111                    android:path="/"
111-->[com.google.firebase:firebase-auth:22.3.1] AndroidManifest.xml:43:21-37
112                    android:scheme="genericidp" />
112-->[com.google.firebase:firebase-auth:22.3.1] AndroidManifest.xml:44:21-48
113            </intent-filter>
114        </activity>
115        <activity
115-->[com.google.firebase:firebase-auth:22.3.1] AndroidManifest.xml:47:9-64:20
116            android:name="com.google.firebase.auth.internal.RecaptchaActivity"
116-->[com.google.firebase:firebase-auth:22.3.1] AndroidManifest.xml:48:13-79
117            android:excludeFromRecents="true"
117-->[com.google.firebase:firebase-auth:22.3.1] AndroidManifest.xml:49:13-46
118            android:exported="true"
118-->[com.google.firebase:firebase-auth:22.3.1] AndroidManifest.xml:50:13-36
119            android:launchMode="singleTask"
119-->[com.google.firebase:firebase-auth:22.3.1] AndroidManifest.xml:51:13-44
120            android:theme="@android:style/Theme.Translucent.NoTitleBar" >
120-->[com.google.firebase:firebase-auth:22.3.1] AndroidManifest.xml:52:13-72
121            <intent-filter>
121-->[com.google.firebase:firebase-auth:22.3.1] AndroidManifest.xml:53:13-63:29
122                <action android:name="android.intent.action.VIEW" />
122-->[com.google.firebase:firebase-auth:22.3.1] AndroidManifest.xml:36:17-69
122-->[com.google.firebase:firebase-auth:22.3.1] AndroidManifest.xml:36:25-66
123
124                <category android:name="android.intent.category.DEFAULT" />
124-->[com.google.firebase:firebase-auth:22.3.1] AndroidManifest.xml:38:17-76
124-->[com.google.firebase:firebase-auth:22.3.1] AndroidManifest.xml:38:27-73
125                <category android:name="android.intent.category.BROWSABLE" />
125-->[com.google.firebase:firebase-auth:22.3.1] AndroidManifest.xml:39:17-78
125-->[com.google.firebase:firebase-auth:22.3.1] AndroidManifest.xml:39:27-75
126
127                <data
127-->[com.google.firebase:firebase-auth:22.3.1] AndroidManifest.xml:41:17-44:51
128                    android:host="firebase.auth"
128-->[com.google.firebase:firebase-auth:22.3.1] AndroidManifest.xml:42:21-49
129                    android:path="/"
129-->[com.google.firebase:firebase-auth:22.3.1] AndroidManifest.xml:43:21-37
130                    android:scheme="recaptcha" />
130-->[com.google.firebase:firebase-auth:22.3.1] AndroidManifest.xml:44:21-48
131            </intent-filter>
132        </activity>
133
134        <property
134-->[com.google.android.gms:play-services-measurement-api:21.5.0] AndroidManifest.xml:30:9-32:61
135            android:name="android.adservices.AD_SERVICES_CONFIG"
135-->[com.google.android.gms:play-services-measurement-api:21.5.0] AndroidManifest.xml:31:13-65
136            android:resource="@xml/ga_ad_services_config" />
136-->[com.google.android.gms:play-services-measurement-api:21.5.0] AndroidManifest.xml:32:13-58
137
138        <activity
138-->[com.google.android.gms:play-services-auth:20.7.0] AndroidManifest.xml:23:9-27:75
139            android:name="com.google.android.gms.auth.api.signin.internal.SignInHubActivity"
139-->[com.google.android.gms:play-services-auth:20.7.0] AndroidManifest.xml:24:13-93
140            android:excludeFromRecents="true"
140-->[com.google.android.gms:play-services-auth:20.7.0] AndroidManifest.xml:25:13-46
141            android:exported="false"
141-->[com.google.android.gms:play-services-auth:20.7.0] AndroidManifest.xml:26:13-37
142            android:theme="@android:style/Theme.Translucent.NoTitleBar" />
142-->[com.google.android.gms:play-services-auth:20.7.0] AndroidManifest.xml:27:13-72
143        <!--
144            Service handling Google Sign-In user revocation. For apps that do not integrate with
145            Google Sign-In, this service will never be started.
146        -->
147        <service
147-->[com.google.android.gms:play-services-auth:20.7.0] AndroidManifest.xml:33:9-37:51
148            android:name="com.google.android.gms.auth.api.signin.RevocationBoundService"
148-->[com.google.android.gms:play-services-auth:20.7.0] AndroidManifest.xml:34:13-89
149            android:exported="true"
149-->[com.google.android.gms:play-services-auth:20.7.0] AndroidManifest.xml:35:13-36
150            android:permission="com.google.android.gms.auth.api.signin.permission.REVOCATION_NOTIFICATION"
150-->[com.google.android.gms:play-services-auth:20.7.0] AndroidManifest.xml:36:13-107
151            android:visibleToInstantApps="true" />
151-->[com.google.android.gms:play-services-auth:20.7.0] AndroidManifest.xml:37:13-48
152
153        <activity
153-->[com.google.android.gms:play-services-base:18.0.1] AndroidManifest.xml:20:9-22:45
154            android:name="com.google.android.gms.common.api.GoogleApiActivity"
154-->[com.google.android.gms:play-services-base:18.0.1] AndroidManifest.xml:20:19-85
155            android:exported="false"
155-->[com.google.android.gms:play-services-base:18.0.1] AndroidManifest.xml:22:19-43
156            android:theme="@android:style/Theme.Translucent.NoTitleBar" />
156-->[com.google.android.gms:play-services-base:18.0.1] AndroidManifest.xml:21:19-78
157
158        <provider
158-->[com.google.firebase:firebase-common:20.4.2] AndroidManifest.xml:23:9-28:39
159            android:name="com.google.firebase.provider.FirebaseInitProvider"
159-->[com.google.firebase:firebase-common:20.4.2] AndroidManifest.xml:24:13-77
160            android:authorities="com.ydcapp.firebaseinitprovider"
160-->[com.google.firebase:firebase-common:20.4.2] AndroidManifest.xml:25:13-72
161            android:directBootAware="true"
161-->[com.google.firebase:firebase-common:20.4.2] AndroidManifest.xml:26:13-43
162            android:exported="false"
162-->[com.google.firebase:firebase-common:20.4.2] AndroidManifest.xml:27:13-37
163            android:initOrder="100" />
163-->[com.google.firebase:firebase-common:20.4.2] AndroidManifest.xml:28:13-36
164
165        <receiver
165-->[com.google.android.gms:play-services-measurement:21.5.0] AndroidManifest.xml:29:9-33:20
166            android:name="com.google.android.gms.measurement.AppMeasurementReceiver"
166-->[com.google.android.gms:play-services-measurement:21.5.0] AndroidManifest.xml:30:13-85
167            android:enabled="true"
167-->[com.google.android.gms:play-services-measurement:21.5.0] AndroidManifest.xml:31:13-35
168            android:exported="false" >
168-->[com.google.android.gms:play-services-measurement:21.5.0] AndroidManifest.xml:32:13-37
169        </receiver>
170
171        <service
171-->[com.google.android.gms:play-services-measurement:21.5.0] AndroidManifest.xml:35:9-38:40
172            android:name="com.google.android.gms.measurement.AppMeasurementService"
172-->[com.google.android.gms:play-services-measurement:21.5.0] AndroidManifest.xml:36:13-84
173            android:enabled="true"
173-->[com.google.android.gms:play-services-measurement:21.5.0] AndroidManifest.xml:37:13-35
174            android:exported="false" />
174-->[com.google.android.gms:play-services-measurement:21.5.0] AndroidManifest.xml:38:13-37
175        <service
175-->[com.google.android.gms:play-services-measurement:21.5.0] AndroidManifest.xml:39:9-43:72
176            android:name="com.google.android.gms.measurement.AppMeasurementJobService"
176-->[com.google.android.gms:play-services-measurement:21.5.0] AndroidManifest.xml:40:13-87
177            android:enabled="true"
177-->[com.google.android.gms:play-services-measurement:21.5.0] AndroidManifest.xml:41:13-35
178            android:exported="false"
178-->[com.google.android.gms:play-services-measurement:21.5.0] AndroidManifest.xml:42:13-37
179            android:permission="android.permission.BIND_JOB_SERVICE" />
179-->[com.google.android.gms:play-services-measurement:21.5.0] AndroidManifest.xml:43:13-69
180
181        <uses-library
181-->[androidx.privacysandbox.ads:ads-adservices:1.0.0-beta05] AndroidManifest.xml:23:9-25:40
182            android:name="android.ext.adservices"
182-->[androidx.privacysandbox.ads:ads-adservices:1.0.0-beta05] AndroidManifest.xml:24:13-50
183            android:required="false" />
183-->[androidx.privacysandbox.ads:ads-adservices:1.0.0-beta05] AndroidManifest.xml:25:13-37
184
185        <meta-data
185-->[com.google.android.gms:play-services-basement:18.2.0] AndroidManifest.xml:21:9-23:69
186            android:name="com.google.android.gms.version"
186-->[com.google.android.gms:play-services-basement:18.2.0] AndroidManifest.xml:22:13-58
187            android:value="@integer/google_play_services_version" />
187-->[com.google.android.gms:play-services-basement:18.2.0] AndroidManifest.xml:23:13-66
188
189        <provider
189-->[androidx.emoji2:emoji2:1.2.0] AndroidManifest.xml:24:9-32:20
190            android:name="androidx.startup.InitializationProvider"
190-->[androidx.emoji2:emoji2:1.2.0] AndroidManifest.xml:25:13-67
191            android:authorities="com.ydcapp.androidx-startup"
191-->[androidx.emoji2:emoji2:1.2.0] AndroidManifest.xml:26:13-68
192            android:exported="false" >
192-->[androidx.emoji2:emoji2:1.2.0] AndroidManifest.xml:27:13-37
193            <meta-data
193-->[androidx.emoji2:emoji2:1.2.0] AndroidManifest.xml:29:13-31:52
194                android:name="androidx.emoji2.text.EmojiCompatInitializer"
194-->[androidx.emoji2:emoji2:1.2.0] AndroidManifest.xml:30:17-75
195                android:value="androidx.startup" />
195-->[androidx.emoji2:emoji2:1.2.0] AndroidManifest.xml:31:17-49
196            <meta-data
196-->[androidx.lifecycle:lifecycle-process:2.4.1] AndroidManifest.xml:31:13-33:52
197                android:name="androidx.lifecycle.ProcessLifecycleInitializer"
197-->[androidx.lifecycle:lifecycle-process:2.4.1] AndroidManifest.xml:32:17-78
198                android:value="androidx.startup" />
198-->[androidx.lifecycle:lifecycle-process:2.4.1] AndroidManifest.xml:33:17-49
199        </provider>
200
201        <meta-data
201-->[com.facebook.soloader:soloader:0.10.5] AndroidManifest.xml:12:9-14:37
202            android:name="com.facebook.soloader.enabled"
202-->[com.facebook.soloader:soloader:0.10.5] AndroidManifest.xml:13:13-57
203            android:value="false" />
203-->[com.facebook.soloader:soloader:0.10.5] AndroidManifest.xml:14:13-34
204    </application>
205
206</manifest>